<?xml version="1.0" encoding="UTF-8"?>
<!-- Generated by org.testng.reporters.JUnitReportReporter -->
<testsuite hostname="ICUP" failures="0" tests="1" name="com.store.testcases.ChromeTest" time="0.565" errors="0" timestamp="2022-03-27T11:38:26 EDT" skipped="0">
  <testcase classname="com.store.testcases.ChromeTest" name="testOne" time="0.565"/>
  <system-out/>
</testsuite> <!-- com.store.testcases.ChromeTest -->
