<?xml version="1.0" encoding="UTF-8"?>
<!-- Generated by org.testng.reporters.JUnitReportReporter -->
<testsuite hostname="ICUP" failures="0" tests="4" name="com.store.testcases.ProductLoginTest" time="11.260" errors="0" timestamp="2022-03-13T15:36:28 EDT" skipped="0">
  <testcase classname="com.store.testcases.ProductLoginTest" name="standarduserLogin" time="2.140"/>
  <system-out/>
  <testcase classname="com.store.testcases.ProductLoginTest" name="lockedoutuserLogin" time="1.397"/>
  <system-out/>
  <testcase classname="com.store.testcases.ProductLoginTest" name="problemuserLogin" time="1.372"/>
  <system-out/>
  <testcase classname="com.store.testcases.ProductLoginTest" name="performanceglitchuserLogin" time="6.351"/>
  <system-out/>
</testsuite> <!-- com.store.testcases.ProductLoginTest -->
